{"uid":"abc77d4d9f8208f8","name":"Авторизация на странице Registration Page","fullName":"tests.test_failure_screenshot#test_fill_out_form","historyId":"f6d38c96201a67cea98bf689b6d8c789","time":{"start":1745006118577,"stop":1745006123623,"duration":5046},"description":"\n    Цель: Проверить обработку упавших тестов\n\n    Предусловие:\n        - Открыть браузер\n\n    Шаги:\n        1. Открыть страницу с формой\n        2. Нажать на кнопку \"SUBMIT\"\n        3. Проверить отсутствие сообщений об ошибках\n\n    Ожидаемый результат:\n        - Нет сообщений о некорректном вводе данных","descriptionHtml":"<pre><code>Цель: Проверить обработку упавших тестов\n\nПредусловие:\n    - Открыть браузер\n\nШаги:\n    1. Открыть страницу с формой\n    2. Нажать на кнопку &quot;SUBMIT&quot;\n    3. Проверить отсутствие сообщений об ошибках\n\nОжидаемый результат:\n    - Нет сообщений о некорректном вводе данных\n</code></pre>\n","status":"skipped","statusMessage":"XFAIL\n\nAssertionError: Expected that no error message are displayed","statusTrace":"browser = <selenium.webdriver.remote.webdriver.WebDriver (session=\"7df2e0984ecbfa98b66bf1c4d913cbc7\")>\n\n    @allure.severity(severity_level.MINOR)\n    @allure.epic(\"Smoke тест\")\n    @allure.feature(\"Скриншот упавшего теста\")\n    @allure.testcase(\"Задачи U1, U2, U4\")\n    @allure.story(\"При падении теста делается скриншот\")\n    @allure.title(\"Авторизация на странице Registration Page\")\n    @allure.description(\n        \"\"\"\n        Цель: Проверить обработку упавших тестов\n    \n        Предусловие:\n            - Открыть браузер\n    \n        Шаги:\n            1. Открыть страницу с формой\n            2. Нажать на кнопку \"SUBMIT\"\n            3. Проверить отсутствие сообщений об ошибках\n    \n        Ожидаемый результат:\n            - Нет сообщений о некорректном вводе данных\"\"\")\n    @pytest.mark.xfail\n    def test_fill_out_form(browser: fixture):\n        login_page = RegistrationPage(browser)\n        login_page.open_form_page()\n        login_page.submit_data()\n>       login_page.no_error_found()\n\ntests/test_failure_screenshot.py:34: \n_ _ _ _ _ _ _ _ _ _ _ _ _ _ _ _ _ _ _ _ _ _ _ _ _ _ _ _ _ _ _ _ _ _ _ _ _ _ _ _ \n\nself = <pages.registration_page.RegistrationPage object at 0x7f34ff621f70>\n\n    def no_error_found(self) -> None:\n        with allure.step('Проверить отсутствие сообщений об ошибках'):\n>           assert not self.element_is_visible(RegistrationLocators.error), 'Expected that no error message are displayed'\nE           AssertionError: Expected that no error message are displayed\n\npages/registration_page.py:96: AssertionError","flaky":false,"newFailed":false,"newBroken":false,"newPassed":false,"retriesCount":0,"retriesStatusChange":false,"beforeStages":[{"name":"_session_faker","time":{"start":1745006100198,"stop":1745006100402,"duration":204},"status":"passed","steps":[],"attachments":[],"parameters":[],"shouldDisplayMessage":false,"stepsCount":0,"attachmentsCount":0,"hasContent":false,"attachmentStep":false},{"name":"browser","time":{"start":1745006118206,"stop":1745006118576,"duration":370},"status":"passed","steps":[],"attachments":[],"parameters":[],"shouldDisplayMessage":false,"stepsCount":0,"attachmentsCount":0,"hasContent":false,"attachmentStep":false}],"testStage":{"description":"\n    Цель: Проверить обработку упавших тестов\n\n    Предусловие:\n        - Открыть браузер\n\n    Шаги:\n        1. Открыть страницу с формой\n        2. Нажать на кнопку \"SUBMIT\"\n        3. Проверить отсутствие сообщений об ошибках\n\n    Ожидаемый результат:\n        - Нет сообщений о некорректном вводе данных","status":"skipped","statusMessage":"XFAIL\n\nAssertionError: Expected that no error message are displayed","statusTrace":"browser = <selenium.webdriver.remote.webdriver.WebDriver (session=\"7df2e0984ecbfa98b66bf1c4d913cbc7\")>\n\n    @allure.severity(severity_level.MINOR)\n    @allure.epic(\"Smoke тест\")\n    @allure.feature(\"Скриншот упавшего теста\")\n    @allure.testcase(\"Задачи U1, U2, U4\")\n    @allure.story(\"При падении теста делается скриншот\")\n    @allure.title(\"Авторизация на странице Registration Page\")\n    @allure.description(\n        \"\"\"\n        Цель: Проверить обработку упавших тестов\n    \n        Предусловие:\n            - Открыть браузер\n    \n        Шаги:\n            1. Открыть страницу с формой\n            2. Нажать на кнопку \"SUBMIT\"\n            3. Проверить отсутствие сообщений об ошибках\n    \n        Ожидаемый результат:\n            - Нет сообщений о некорректном вводе данных\"\"\")\n    @pytest.mark.xfail\n    def test_fill_out_form(browser: fixture):\n        login_page = RegistrationPage(browser)\n        login_page.open_form_page()\n        login_page.submit_data()\n>       login_page.no_error_found()\n\ntests/test_failure_screenshot.py:34: \n_ _ _ _ _ _ _ _ _ _ _ _ _ _ _ _ _ _ _ _ _ _ _ _ _ _ _ _ _ _ _ _ _ _ _ _ _ _ _ _ \n\nself = <pages.registration_page.RegistrationPage object at 0x7f34ff621f70>\n\n    def no_error_found(self) -> None:\n        with allure.step('Проверить отсутствие сообщений об ошибках'):\n>           assert not self.element_is_visible(RegistrationLocators.error), 'Expected that no error message are displayed'\nE           AssertionError: Expected that no error message are displayed\n\npages/registration_page.py:96: AssertionError","steps":[{"name":"Открыть страницу с формой","time":{"start":1745006118577,"stop":1745006123017,"duration":4440},"status":"passed","steps":[],"attachments":[],"parameters":[],"shouldDisplayMessage":false,"stepsCount":0,"attachmentsCount":0,"hasContent":false,"attachmentStep":false},{"name":"Нажать на кнопку \"SUBMIT\"","time":{"start":1745006123017,"stop":1745006123448,"duration":431},"status":"passed","steps":[],"attachments":[],"parameters":[],"shouldDisplayMessage":false,"stepsCount":0,"attachmentsCount":0,"hasContent":false,"attachmentStep":false},{"name":"Проверить отсутствие сообщений об ошибках","time":{"start":1745006123448,"stop":1745006123622,"duration":174},"status":"failed","statusMessage":"AssertionError: Expected that no error message are displayed\n","statusTrace":"  File \"/ui_tests/pages/registration_page.py\", line 96, in no_error_found\n    assert not self.element_is_visible(RegistrationLocators.error), 'Expected that no error message are displayed'\n           ^^^^^^^^^^^^^^^^^^^^^^^^^^^^^^^^^^^^^^^^^^^^^^^^^^^^^^^\n","steps":[],"attachments":[],"parameters":[],"shouldDisplayMessage":true,"stepsCount":0,"attachmentsCount":0,"hasContent":true,"attachmentStep":false}],"attachments":[],"parameters":[],"shouldDisplayMessage":true,"stepsCount":3,"attachmentsCount":0,"hasContent":true,"attachmentStep":false},"afterStages":[{"name":"browser::0","time":{"start":1745006123699,"stop":1745006123758,"duration":59},"status":"passed","steps":[],"attachments":[],"parameters":[],"shouldDisplayMessage":false,"stepsCount":0,"attachmentsCount":0,"hasContent":false,"attachmentStep":false}],"labels":[{"name":"story","value":"При падении теста делается скриншот"},{"name":"epic","value":"Smoke тест"},{"name":"severity","value":"minor"},{"name":"feature","value":"Скриншот упавшего теста"},{"name":"tag","value":"@pytest.mark.xfail"},{"name":"parentSuite","value":"tests"},{"name":"suite","value":"test_failure_screenshot"},{"name":"host","value":"e069509331ef"},{"name":"thread","value":"10-MainThread"},{"name":"framework","value":"pytest"},{"name":"language","value":"cpython3"},{"name":"package","value":"tests.test_failure_screenshot"},{"name":"resultFormat","value":"allure2"}],"parameters":[],"links":[{"name":"Задачи U1, U2, U4","url":"Задачи U1, U2, U4","type":"tms"}],"hidden":false,"retry":false,"extra":{"severity":"minor","retries":[],"categories":[],"tags":["@pytest.mark.xfail"]},"source":"abc77d4d9f8208f8.json","parameterValues":[]}