{"uid":"d65fef0ab2f62f45","name":"Авторизация на странице Registration Page","fullName":"tests.test_failure_screenshot#test_fill_out_form","historyId":"f6d38c96201a67cea98bf689b6d8c789","time":{"start":1744978596847,"stop":1744978607089,"duration":10242},"description":"\n    Цель: Проверить обработку упавших тестов\n\n    Предусловие:\n        - Открыть браузер\n\n    Шаги:\n        1. Открыть страницу с формой\n        2. Нажать на кнопку \"SUBMIT\"\n        3. Проверить отсутствие сообщений об ошибках\n\n    Ожидаемый результат:\n        - Нет сообщений о некорректном вводе данных","descriptionHtml":"<pre><code>Цель: Проверить обработку упавших тестов\n\nПредусловие:\n    - Открыть браузер\n\nШаги:\n    1. Открыть страницу с формой\n    2. Нажать на кнопку &quot;SUBMIT&quot;\n    3. Проверить отсутствие сообщений об ошибках\n\nОжидаемый результат:\n    - Нет сообщений о некорректном вводе данных\n</code></pre>\n","status":"skipped","statusMessage":"XFAIL\n\nAssertionError: Expected that no error message are displayed","statusTrace":"browser = <selenium.webdriver.remote.webdriver.WebDriver (session=\"0bb1aa759a60f7f804c7123f33d95216\")>\n\n    @allure.severity(severity_level.MINOR)\n    @allure.epic(\"Smoke тест\")\n    @allure.feature(\"Скриншот упавшего теста\")\n    @allure.testcase(\"Задачи U1, U2, U4\")\n    @allure.story(\"При падении теста делается скриншот\")\n    @allure.title(\"Авторизация на странице Registration Page\")\n    @allure.description(\n        \"\"\"\n        Цель: Проверить обработку упавших тестов\n    \n        Предусловие:\n            - Открыть браузер\n    \n        Шаги:\n            1. Открыть страницу с формой\n            2. Нажать на кнопку \"SUBMIT\"\n            3. Проверить отсутствие сообщений об ошибках\n    \n        Ожидаемый результат:\n            - Нет сообщений о некорректном вводе данных\"\"\")\n    @pytest.mark.xfail\n    def test_fill_out_form(browser: fixture):\n        login_page = RegistrationPage(browser)\n        login_page.open_form_page()\n        login_page.submit_data()\n>       login_page.no_error_found()\n\ntests/test_failure_screenshot.py:34: \n_ _ _ _ _ _ _ _ _ _ _ _ _ _ _ _ _ _ _ _ _ _ _ _ _ _ _ _ _ _ _ _ _ _ _ _ _ _ _ _ \n\nself = <pages.registration_page.RegistrationPage object at 0x7f7a3733fc80>\n\n    def no_error_found(self) -> None:\n        with allure.step('Проверить отсутствие сообщений об ошибках'):\n>           assert not self.element_is_visible(RegistrationLocators.error), 'Expected that no error message are displayed'\nE           AssertionError: Expected that no error message are displayed\n\npages/registration_page.py:96: AssertionError","flaky":false,"newFailed":false,"newBroken":false,"newPassed":false,"retriesCount":0,"retriesStatusChange":false,"beforeStages":[{"name":"_session_faker","time":{"start":1744978523676,"stop":1744978523977,"duration":301},"status":"passed","steps":[],"attachments":[],"parameters":[],"shouldDisplayMessage":false,"stepsCount":0,"attachmentsCount":0,"hasContent":false,"attachmentStep":false},{"name":"browser","time":{"start":1744978596606,"stop":1744978596846,"duration":240},"status":"passed","steps":[],"attachments":[],"parameters":[],"shouldDisplayMessage":false,"stepsCount":0,"attachmentsCount":0,"hasContent":false,"attachmentStep":false}],"testStage":{"description":"\n    Цель: Проверить обработку упавших тестов\n\n    Предусловие:\n        - Открыть браузер\n\n    Шаги:\n        1. Открыть страницу с формой\n        2. Нажать на кнопку \"SUBMIT\"\n        3. Проверить отсутствие сообщений об ошибках\n\n    Ожидаемый результат:\n        - Нет сообщений о некорректном вводе данных","status":"skipped","statusMessage":"XFAIL\n\nAssertionError: Expected that no error message are displayed","statusTrace":"browser = <selenium.webdriver.remote.webdriver.WebDriver (session=\"0bb1aa759a60f7f804c7123f33d95216\")>\n\n    @allure.severity(severity_level.MINOR)\n    @allure.epic(\"Smoke тест\")\n    @allure.feature(\"Скриншот упавшего теста\")\n    @allure.testcase(\"Задачи U1, U2, U4\")\n    @allure.story(\"При падении теста делается скриншот\")\n    @allure.title(\"Авторизация на странице Registration Page\")\n    @allure.description(\n        \"\"\"\n        Цель: Проверить обработку упавших тестов\n    \n        Предусловие:\n            - Открыть браузер\n    \n        Шаги:\n            1. Открыть страницу с формой\n            2. Нажать на кнопку \"SUBMIT\"\n            3. Проверить отсутствие сообщений об ошибках\n    \n        Ожидаемый результат:\n            - Нет сообщений о некорректном вводе данных\"\"\")\n    @pytest.mark.xfail\n    def test_fill_out_form(browser: fixture):\n        login_page = RegistrationPage(browser)\n        login_page.open_form_page()\n        login_page.submit_data()\n>       login_page.no_error_found()\n\ntests/test_failure_screenshot.py:34: \n_ _ _ _ _ _ _ _ _ _ _ _ _ _ _ _ _ _ _ _ _ _ _ _ _ _ _ _ _ _ _ _ _ _ _ _ _ _ _ _ \n\nself = <pages.registration_page.RegistrationPage object at 0x7f7a3733fc80>\n\n    def no_error_found(self) -> None:\n        with allure.step('Проверить отсутствие сообщений об ошибках'):\n>           assert not self.element_is_visible(RegistrationLocators.error), 'Expected that no error message are displayed'\nE           AssertionError: Expected that no error message are displayed\n\npages/registration_page.py:96: AssertionError","steps":[{"name":"Открыть страницу с формой","time":{"start":1744978596847,"stop":1744978606989,"duration":10142},"status":"passed","steps":[],"attachments":[],"parameters":[],"shouldDisplayMessage":false,"stepsCount":0,"attachmentsCount":0,"hasContent":false,"attachmentStep":false},{"name":"Нажать на кнопку \"SUBMIT\"","time":{"start":1744978606990,"stop":1744978607066,"duration":76},"status":"passed","steps":[],"attachments":[],"parameters":[],"shouldDisplayMessage":false,"stepsCount":0,"attachmentsCount":0,"hasContent":false,"attachmentStep":false},{"name":"Проверить отсутствие сообщений об ошибках","time":{"start":1744978607066,"stop":1744978607088,"duration":22},"status":"failed","statusMessage":"AssertionError: Expected that no error message are displayed\n","statusTrace":"  File \"/ui_tests/pages/registration_page.py\", line 96, in no_error_found\n    assert not self.element_is_visible(RegistrationLocators.error), 'Expected that no error message are displayed'\n           ^^^^^^^^^^^^^^^^^^^^^^^^^^^^^^^^^^^^^^^^^^^^^^^^^^^^^^^\n","steps":[],"attachments":[],"parameters":[],"shouldDisplayMessage":true,"stepsCount":0,"attachmentsCount":0,"hasContent":true,"attachmentStep":false},{"name":"Скриншот упавшего теста","time":{"start":1744978607089,"stop":1744978607238,"duration":149},"status":"passed","steps":[],"attachments":[{"uid":"91b7f6cfd4da99d9","name":"Test failure screenshot","source":"91b7f6cfd4da99d9.png","type":"image/png","size":46381}],"parameters":[],"shouldDisplayMessage":false,"stepsCount":0,"attachmentsCount":1,"hasContent":true,"attachmentStep":false}],"attachments":[],"parameters":[],"shouldDisplayMessage":true,"stepsCount":4,"attachmentsCount":1,"hasContent":true,"attachmentStep":false},"afterStages":[{"name":"browser::0","time":{"start":1744978607284,"stop":1744978607335,"duration":51},"status":"passed","steps":[],"attachments":[],"parameters":[],"shouldDisplayMessage":false,"stepsCount":0,"attachmentsCount":0,"hasContent":false,"attachmentStep":false}],"labels":[{"name":"epic","value":"Smoke тест"},{"name":"story","value":"При падении теста делается скриншот"},{"name":"severity","value":"minor"},{"name":"feature","value":"Скриншот упавшего теста"},{"name":"tag","value":"@pytest.mark.xfail"},{"name":"parentSuite","value":"tests"},{"name":"suite","value":"test_failure_screenshot"},{"name":"host","value":"e86a95d4ff65"},{"name":"thread","value":"14-MainThread"},{"name":"framework","value":"pytest"},{"name":"language","value":"cpython3"},{"name":"package","value":"tests.test_failure_screenshot"},{"name":"resultFormat","value":"allure2"}],"parameters":[],"links":[{"name":"Задачи U1, U2, U4","url":"Задачи U1, U2, U4","type":"tms"}],"hidden":false,"retry":false,"extra":{"severity":"minor","retries":[],"categories":[],"tags":["@pytest.mark.xfail"]},"source":"d65fef0ab2f62f45.json","parameterValues":[]}